<?xml version="1.0" encoding="utf-8"?><testsuites name="pytest tests"><testsuite name="pytest" errors="0" failures="0" skipped="0" tests="179" time="14.135" timestamp="2026-09-21T21:18:56.346299-05:00" hostname="idealinux3-Lambda-Vector"><testcase classname="tests.contract.test_schemas" name="test_exported_schemas_match_runtime_contracts" time="0.034" /><testcase classname="tests.contract.test_schemas" name="test_time_ranges_are_half_open_and_ordered[value0]" time="0.000" /><testcase classname="tests.contract.test_schemas" name="test_time_ranges_are_half_open_and_ordered[value1]" time="0.000" /><testcase classname="tests.contract.test_schemas" name="test_time_ranges_are_half_open_and_ordered[value2]" time="0.000" /><testcase classname="tests.contract.test_schemas" name="test_model_cannot_override_operator_limits_or_paths" time="0.000" /><testcase classname="tests.contract.test_schemas" name="test_evidence_requires_exactly_one_modality" time="0.000" /><testcase classname="tests.host_e2e.test_delivery" name="test_image_bytes_bound_to_correct_timestamp" time="0.012" /><testcase classname="tests.host_e2e.test_delivery" name="test_delivery_budget_rejects_instead_of_silent_truncation" time="0.004" /><testcase classname="tests.host_e2e.test_delivery" name="test_images_unsupported_does_not_substitute_description" time="0.001" /><testcase classname="tests.host_e2e.test_delivery" name="test_unverified_file_retains_reference_without_host_claim" time="0.000" /><testcase classname="tests.host_e2e.test_delivery" name="test_local_paths_and_false_dimensions_are_rejected" time="0.004" /><testcase classname="tests.host_e2e.test_delivery" name="test_text_is_model_visible_and_structured" time="0.000" /><testcase classname="tests.host_e2e.test_main_protocol" name="test_main_real_stdio_tool_schema_and_structured_error" time="0.379" /><testcase classname="tests.host_e2e.test_main_protocol" name="test_main_cli_refuses_public_bind_or_missing_auth[arguments0-invalid choice]" time="0.344" /><testcase classname="tests.host_e2e.test_main_protocol" name="test_main_cli_refuses_public_bind_or_missing_auth[arguments1-VIDEO_INGEST_TOKEN]" time="0.338" /><testcase classname="tests.host_e2e.test_main_protocol" name="test_bearer_auth_covers_mcp_and_artifact_routes" time="0.006" /><testcase classname="tests.host_e2e.test_probe" name="test_probe_images_hide_ground_truth_from_nonpixel_content" time="0.039" /><testcase classname="tests.host_e2e.test_probe" name="test_file_probe_secret_requires_resource_read" time="0.007" /><testcase classname="tests.host_e2e.test_probe" name="test_probe_job_persists_across_server_recreation" time="0.010" /><testcase classname="tests.host_e2e.test_probe" name="test_probe_store_rejects_path_traversal" time="0.001" /><testcase classname="tests.host_e2e.test_probe" name="test_real_stdio_mcp_roundtrip" time="0.384" /><testcase classname="tests.host_e2e.test_probe" name="test_audio_probe_has_real_pcm_and_private_beep_count" time="0.016" /><testcase classname="tests.host_e2e.test_probe" name="test_video_probe_has_real_resource_and_private_sequence" time="0.137" /><testcase classname="tests.platform.test_urls" name="test_youtube_variants_have_one_identity[https://youtube.com/watch?v=dQw4w9WgXcQ]" time="0.000" /><testcase classname="tests.platform.test_urls" name="test_youtube_variants_have_one_identity[https://www.youtube.com/watch?v=dQw4w9WgXcQ&amp;list=PL123&amp;index=3&amp;si=tracking]" time="0.000" /><testcase classname="tests.platform.test_urls" name="test_youtube_variants_have_one_identity[http://m.youtube.com/watch?v=dQw4w9WgXcQ]" time="0.000" /><testcase classname="tests.platform.test_urls" name="test_youtube_variants_have_one_identity[https://www.youtube.com/shorts/dQw4w9WgXcQ]" time="0.000" /><testcase classname="tests.platform.test_urls" name="test_youtube_variants_have_one_identity[https://www.youtube.com/embed/dQw4w9WgXcQ]" time="0.000" /><testcase classname="tests.platform.test_urls" name="test_youtube_variants_have_one_identity[https://youtu.be/dQw4w9WgXcQ?si=tracking]" time="0.000" /><testcase classname="tests.platform.test_urls" name="test_playback_focus_does_not_change_cache_identity[https://youtu.be/dQw4w9WgXcQ?t=1h2m3s-3723000]" time="0.000" /><testcase classname="tests.platform.test_urls" name="test_playback_focus_does_not_change_cache_identity[https://youtube.com/watch?v=dQw4w9WgXcQ&amp;start=72-72000]" time="0.000" /><testcase classname="tests.platform.test_urls" name="test_playback_focus_does_not_change_cache_identity[https://youtube.com/embed/dQw4w9WgXcQ#t=12.5-12500]" time="0.000" /><testcase classname="tests.platform.test_urls" name="test_ambiguous_or_unsupported_source_scope_fails[https://www.youtube.com/playlist?list=PL123]" time="0.000" /><testcase classname="tests.platform.test_urls" name="test_ambiguous_or_unsupported_source_scope_fails[https://www.youtube.com/watch?list=PL123]" time="0.000" /><testcase classname="tests.platform.test_urls" name="test_ambiguous_or_unsupported_source_scope_fails[https://www.youtube.com/watch?v=dQw4w9WgXcQ&amp;v=abcdefghijk]" time="0.000" /><testcase classname="tests.platform.test_urls" name="test_ambiguous_or_unsupported_source_scope_fails[https://www.youtube.com/watch?v=dQw4w9WgXcQ&amp;v=dQw4w9WgXcQ]" time="0.000" /><testcase classname="tests.platform.test_urls" name="test_ambiguous_or_unsupported_source_scope_fails[https://www.youtube.com/embed/dQw4w9WgXcQ?v=abcdefghijk]" time="0.000" /><testcase classname="tests.platform.test_urls" name="test_ambiguous_or_unsupported_source_scope_fails[https://www.youtube.com/watch?v=dQw4w9WgXcQ&amp;t=1&amp;start=2]" time="0.000" /><testcase classname="tests.platform.test_urls" name="test_ambiguous_or_unsupported_source_scope_fails[https://www.youtube.com/watch?v=notvalid]" time="0.000" /><testcase classname="tests.platform.test_urls" name="test_ambiguous_or_unsupported_source_scope_fails[https://www.youtube.com/live/dQw4w9WgXcQ]" time="0.000" /><testcase classname="tests.platform.test_urls" name="test_ambiguous_or_unsupported_source_scope_fails[https://youtu.be//dQw4w9WgXcQ]" time="0.000" /><testcase classname="tests.platform.test_urls" name="test_ambiguous_or_unsupported_source_scope_fails[https://www.bilibili.com/video/BV1eZdzBGEvE?p=0]" time="0.000" /><testcase classname="tests.platform.test_urls" name="test_ambiguous_or_unsupported_source_scope_fails[https://www.bilibili.com/video/BV1eZdzBGEvE?p=1&amp;p=2]" time="0.000" /><testcase classname="tests.platform.test_urls" name="test_ambiguous_or_unsupported_source_scope_fails[https://www.bilibili.com/video/BV1eZdzBGEvE?p=-1]" time="0.000" /><testcase classname="tests.platform.test_urls" name="test_ambiguous_or_unsupported_source_scope_fails[https://www.bilibili.com/bangumi/play/ep1]" time="0.000" /><testcase classname="tests.platform.test_urls" name="test_exact_hostname_matching[https://youtube.com.evil.example/watch?v=dQw4w9WgXcQ]" time="0.000" /><testcase classname="tests.platform.test_urls" name="test_exact_hostname_matching[https://evil.example/watch?url=https://youtube.com/watch?v=dQw4w9WgXcQ]" time="0.000" /><testcase classname="tests.platform.test_urls" name="test_exact_hostname_matching[https://notyoutube.com/watch?v=dQw4w9WgXcQ]" time="0.000" /><testcase classname="tests.platform.test_urls" name="test_exact_hostname_matching[https://evil.youtube.com/watch?v=dQw4w9WgXcQ]" time="0.000" /><testcase classname="tests.platform.test_urls" name="test_unsafe_url_syntax[https://youtube.com@127.0.0.1/watch?v=dQw4w9WgXcQ]" time="0.000" /><testcase classname="tests.platform.test_urls" name="test_unsafe_url_syntax[https://user:password@youtube.com/watch?v=dQw4w9WgXcQ]" time="0.000" /><testcase classname="tests.platform.test_urls" name="test_unsafe_url_syntax[https://youtube.com:8443/watch?v=dQw4w9WgXcQ]" time="0.000" /><testcase classname="tests.platform.test_urls" name="test_unsafe_url_syntax[https://youtube.com./watch?v=dQw4w9WgXcQ]" time="0.000" /><testcase classname="tests.platform.test_urls" name="test_unsafe_url_syntax[https://youtube.com\\@evil.example/watch?v=dQw4w9WgXcQ]" time="0.000" /><testcase classname="tests.platform.test_urls" name="test_unsafe_url_syntax[ https://youtube.com/watch?v=dQw4w9WgXcQ]" time="0.000" /><testcase classname="tests.platform.test_urls" name="test_unsafe_url_syntax[https://youtube.com/watch?v=dQw4w9WgXcQ\n]" time="0.000" /><testcase classname="tests.platform.test_urls" name="test_unsafe_url_syntax[file:///etc/passwd]" time="0.000" /><testcase classname="tests.platform.test_urls" name="test_bilibili_parts_and_locators" time="0.000" /><testcase classname="tests.platform.test_urls" name="test_conflicting_part_selection_fails" time="0.000" /><testcase classname="tests.platform.test_urls" name="test_b23_uses_guarded_resolver_and_preserves_destination_identity" time="0.000" /><testcase classname="tests.platform.test_urls" name="test_b23_rejects_non_bilibili_destinations[https://youtube.com/watch?v=dQw4w9WgXcQ]" time="0.000" /><testcase classname="tests.platform.test_urls" name="test_b23_rejects_non_bilibili_destinations[https://b23.tv/again]" time="0.000" /><testcase classname="tests.platform.test_urls" name="test_b23_rejects_non_bilibili_destinations[https://127.0.0.1/]" time="0.000" /><testcase classname="tests.platform.test_urls" name="test_b23_preserves_short_link_focus_and_part" time="0.000" /><testcase classname="tests.platform.test_urls" name="test_b23_conflicting_focus_rejected" time="0.000" /><testcase classname="tests.security.test_network" name="test_nonpublic_and_transition_ip_denied[127.0.0.1]" time="0.000" /><testcase classname="tests.security.test_network" name="test_nonpublic_and_transition_ip_denied[0.0.0.0]" time="0.000" /><testcase classname="tests.security.test_network" name="test_nonpublic_and_transition_ip_denied[10.0.0.1]" time="0.000" /><testcase classname="tests.security.test_network" name="test_nonpublic_and_transition_ip_denied[172.16.2.3]" time="0.000" /><testcase classname="tests.security.test_network" name="test_nonpublic_and_transition_ip_denied[192.168.0.1]" time="0.001" /><testcase classname="tests.security.test_network" name="test_nonpublic_and_transition_ip_denied[169.254.169.254]" time="0.000" /><testcase classname="tests.security.test_network" name="test_nonpublic_and_transition_ip_denied[100.100.100.200]" time="0.000" /><testcase classname="tests.security.test_network" name="test_nonpublic_and_transition_ip_denied[100.64.0.1]" time="0.000" /><testcase classname="tests.security.test_network" name="test_nonpublic_and_transition_ip_denied[192.0.2.1]" time="0.000" /><testcase classname="tests.security.test_network" name="test_nonpublic_and_transition_ip_denied[198.51.100.1]" time="0.000" /><testcase classname="tests.security.test_network" name="test_nonpublic_and_transition_ip_denied[203.0.113.5]" time="0.000" /><testcase classname="tests.security.test_network" name="test_nonpublic_and_transition_ip_denied[224.0.0.1]" time="0.000" /><testcase classname="tests.security.test_network" name="test_nonpublic_and_transition_ip_denied[255.255.255.255]" time="0.000" /><testcase classname="tests.security.test_network" name="test_nonpublic_and_transition_ip_denied[::1]" time="0.000" /><testcase classname="tests.security.test_network" name="test_nonpublic_and_transition_ip_denied[::]" time="0.000" /><testcase classname="tests.security.test_network" name="test_nonpublic_and_transition_ip_denied[fc00::1]" time="0.000" /><testcase classname="tests.security.test_network" name="test_nonpublic_and_transition_ip_denied[fe80::1]" time="0.000" /><testcase classname="tests.security.test_network" name="test_nonpublic_and_transition_ip_denied[ff02::1]" time="0.000" /><testcase classname="tests.security.test_network" name="test_nonpublic_and_transition_ip_denied[2001:db8::1]" time="0.000" /><testcase classname="tests.security.test_network" name="test_nonpublic_and_transition_ip_denied[fec0::1]" time="0.000" /><testcase classname="tests.security.test_network" name="test_nonpublic_and_transition_ip_denied[64:ff9b::7f00:1]" time="0.000" /><testcase classname="tests.security.test_network" name="test_nonpublic_and_transition_ip_denied[64:ff9b::a9fe:a9fe]" time="0.000" /><testcase classname="tests.security.test_network" name="test_nonpublic_and_transition_ip_denied[::ffff:127.0.0.1]" time="0.000" /><testcase classname="tests.security.test_network" name="test_nonpublic_and_transition_ip_denied[::ffff:93.184.216.34]" time="0.000" /><testcase classname="tests.security.test_network" name="test_nonpublic_and_transition_ip_denied[2002:7f00:0001::1]" time="0.000" /><testcase classname="tests.security.test_network" name="test_nonpublic_and_transition_ip_denied[2001:0000:4136:e378:8000:63bf:3fff:fdd2]" time="0.000" /><testcase classname="tests.security.test_network" name="test_public_ip_allowed[93.184.216.34]" time="0.000" /><testcase classname="tests.security.test_network" name="test_public_ip_allowed[8.8.8.8]" time="0.000" /><testcase classname="tests.security.test_network" name="test_public_ip_allowed[2606:4700:4700::1111]" time="0.000" /><testcase classname="tests.security.test_network" name="test_mixed_dns_answers_fail_closed" time="0.000" /><testcase classname="tests.security.test_network" name="test_connect_uses_pinned_numeric_address_without_dns" time="0.000" /><testcase classname="tests.security.test_network" name="test_tls_verifies_original_hostname" time="0.001" /><testcase classname="tests.security.test_network" name="test_get_bytes_ignores_proxy_environment_and_filters_headers" time="0.022" /><testcase classname="tests.security.test_network" name="test_redirect_to_private_is_blocked_before_connect" time="0.021" /><testcase classname="tests.security.test_network" name="test_every_public_redirect_is_resolved_and_origin_headers_removed" time="0.022" /><testcase classname="tests.security.test_network" name="test_dns_rebinding_on_later_request_is_rejected" time="0.022" /><testcase classname="tests.security.test_network" name="test_response_size_limit_with_and_without_content_length[/data]" time="0.022" /><testcase classname="tests.security.test_network" name="test_response_size_limit_with_and_without_content_length[/no-length]" time="0.022" /><testcase classname="tests.security.test_network" name="test_redirect_loop_is_bounded" time="0.022" /><testcase classname="tests.security.test_network" name="test_proxy_forwards_pinned_http_and_charges_raw_bytes" time="0.104" /><testcase classname="tests.security.test_network" name="test_proxy_requires_ephemeral_authentication" time="0.121" /><testcase classname="tests.security.test_network" name="test_proxy_blocks_private_http_and_connect[http://private.example/data-GET]" time="0.102" /><testcase classname="tests.security.test_network" name="test_proxy_blocks_private_http_and_connect[private.example:443-CONNECT]" time="0.102" /><testcase classname="tests.security.test_network" name="test_proxy_budget_failure_stops_transfer_and_preserves_error" time="0.103" /><testcase classname="tests.security.test_network" name="test_cancelled_http_request_never_reaches_upstream" time="0.021" /><testcase classname="tests.security.test_network" name="test_deadline_applies_to_socket_reads" time="0.001" /><testcase classname="tests.security.test_network" name="test_proxy_public_connect_pins_upstream_and_relays_bytes" time="0.102" /><testcase classname="tests.security.test_network" name="test_proxy_revalidates_real_http_client_redirect" time="0.126" /><testcase classname="tests.security.test_network" name="test_downloader_child_rejects_direct_sockets_dns_and_commands" time="0.118" /><testcase classname="tests.security.test_network" name="test_real_ytdlp_urllib_handler_uses_guarded_proxy[False]" time="0.319" /><testcase classname="tests.security.test_network" name="test_real_ytdlp_urllib_handler_uses_guarded_proxy[True]" time="0.338" /><testcase classname="tests.security.test_service_security" name="test_missing_artifact_can_be_reprepared" time="0.015" /><testcase classname="tests.security.test_service_security" name="test_job_directory_failure_becomes_persistent_failure" time="0.006" /><testcase classname="tests.security.test_service_security" name="test_http_delivery_rechecks_revocation_before_sending_bytes[delete]" time="0.017" /><testcase classname="tests.security.test_service_security" name="test_http_delivery_rechecks_revocation_before_sending_bytes[expiry]" time="0.017" /><testcase classname="tests.security.test_service_security" name="test_inflight_bytes_remain_accounted_after_revocation[delete]" time="0.005" /><testcase classname="tests.security.test_service_security" name="test_inflight_bytes_remain_accounted_after_revocation[expiry]" time="0.005" /><testcase classname="tests.security.test_service_security" name="test_restart_prunes_unregistered_bytes_and_preserves_evidence" time="0.010" /><testcase classname="tests.security.test_service_security" name="test_asset_capacity_rejects_before_platform_request" time="0.005" /><testcase classname="tests.test_asr_integration" name="test_real_vad_restores_leading_silence_and_supplied_offset" time="1.341" /><testcase classname="tests.test_asr_integration" name="test_english_only_model_rejects_unsupported_language" time="0.589" /><testcase classname="tests.test_asr_integration" name="test_real_silence_has_no_invented_words" time="0.787" /><testcase classname="tests.test_asr_integration" name="test_real_no_caption_service_chain" time="1.422" /><testcase classname="tests.test_processing" name="test_real_vfr_frames_use_decoded_pts" time="0.999" /><testcase classname="tests.test_processing" name="test_audio_range_is_exact_source_slice" time="0.295" /><testcase classname="tests.test_processing" name="test_reencoded_clip_duration_and_dimensions" time="0.307" /><testcase classname="tests.test_processing" name="test_merge_local_audio_video" time="0.433" /><testcase classname="tests.test_processing" name="test_processor_rejects_playlist_demuxer" time="0.139" /><testcase classname="tests.test_processing" name="test_workspace_path_rejects_parent" time="0.000" /><testcase classname="tests.test_processing" name="test_unknown_duration_remains_unknown" time="0.002" /><testcase classname="tests.test_processing" name="test_process_cancellation_and_deadline" time="0.606" /><testcase classname="tests.test_processing" name="test_child_cannot_write_over_file_limit" time="0.111" /><testcase classname="tests.test_processing" name="test_child_environment_does_not_inherit_credentials" time="0.100" /><testcase classname="tests.test_processing" name="test_frame_limits_and_empty_range" time="0.283" /><testcase classname="tests.test_providers" name="test_real_caption_formats_preserve_timestamps[json3-{&quot;events&quot;:[{&quot;tStartMs&quot;:1250,&quot;dDurationMs&quot;:750,&quot;segs&quot;:[{&quot;utf8&quot;:&quot;actual words&quot;}]}]}-1250-2000-actual words]" time="0.001" /><testcase classname="tests.test_providers" name="test_real_caption_formats_preserve_timestamps[json-{&quot;body&quot;:[{&quot;from&quot;:1.25,&quot;to&quot;:2.5,&quot;content&quot;:&quot;\xe7\x9c\x9f\xe6\xad\xa3\xe7\x9a\x84\xe5\x86\x85\xe5\xae\xb9&quot;}]}-1250-2500-\u771f\u6b63\u7684\u5185\u5bb9]" time="0.001" /><testcase classname="tests.test_providers" name="test_real_caption_formats_preserve_timestamps[vtt-WEBVTT\n\ncue\n00:01.250 --&gt; 00:02.500 align:start\n&lt;b&gt;real&lt;/b&gt; &amp;amp; exact\n-1250-2500-real &amp; exact]" time="0.001" /><testcase classname="tests.test_providers" name="test_real_caption_formats_preserve_timestamps[srt-1\n00:00:01,250 --&gt; 00:00:02,500\nreal source\n-1250-2500-real source]" time="0.001" /><testcase classname="tests.test_providers" name="test_real_caption_formats_preserve_timestamps[srv3-&lt;timedtext&gt;&lt;body&gt;&lt;p t=&quot;1250&quot; d=&quot;1250&quot;&gt;&lt;s&gt;real source&lt;/s&gt;&lt;/p&gt;&lt;/body&gt;&lt;/timedtext&gt;-1250-2500-real source]" time="0.001" /><testcase classname="tests.test_providers" name="test_real_caption_formats_preserve_timestamps[srv1-&lt;transcript&gt;&lt;text start=&quot;1.25&quot; dur=&quot;1.25&quot;&gt;real source&lt;/text&gt;&lt;/transcript&gt;-1250-2500-real source]" time="0.001" /><testcase classname="tests.test_providers" name="test_caption_selection_language_and_provenance" time="0.000" /><testcase classname="tests.test_providers" name="test_broken_or_empty_advertised_captions_are_failure[not json]" time="0.000" /><testcase classname="tests.test_providers" name="test_broken_or_empty_advertised_captions_are_failure[[]]" time="0.001" /><testcase classname="tests.test_providers" name="test_broken_or_empty_advertised_captions_are_failure[{&quot;events&quot;:[]}]" time="0.001" /><testcase classname="tests.test_providers" name="test_broken_or_empty_advertised_captions_are_failure[{&quot;events&quot;:[{&quot;tStartMs&quot;:-10,&quot;dDurationMs&quot;:2,&quot;segs&quot;:[{&quot;utf8&quot;:&quot;x&quot;}]}]}]" time="0.001" /><testcase classname="tests.test_providers" name="test_caption_instructions_are_retained_as_untrusted_text" time="0.001" /><testcase classname="tests.test_providers" name="test_caption_formulas_and_code_are_preserved" time="0.001" /><testcase classname="tests.test_providers" name="test_no_captions_is_distinct_from_fetch_failure" time="0.001" /><testcase classname="tests.test_providers" name="test_metadata_excludes_danmaku_and_translations_and_preserves_provenance" time="0.001" /><testcase classname="tests.test_providers" name="test_asr_is_explicitly_local_and_disabled_by_default" time="0.002" /><testcase classname="tests.test_providers" name="test_asr_offsets_and_language_are_from_source_model" time="0.001" /><testcase classname="tests.test_providers" name="test_upstream_failures_are_typed_and_redacted[HTTP Error 429: Too Many Requests-RATE_LIMITED]" time="0.001" /><testcase classname="tests.test_providers" name="test_upstream_failures_are_typed_and_redacted[Please sign in-AUTH_REQUIRED]" time="0.001" /><testcase classname="tests.test_providers" name="test_upstream_failures_are_typed_and_redacted[HTTP Error 403-ACCESS_DENIED]" time="0.001" /><testcase classname="tests.test_providers" name="test_upstream_failures_are_typed_and_redacted[This video is unavailable-CONTENT_UNAVAILABLE]" time="0.001" /><testcase classname="tests.test_providers" name="test_javascript_runtime_argv_cannot_grant_permissions" time="0.001" /><testcase classname="tests.test_providers" name="test_suppressed_upstream_auth_warning_is_still_classified" time="0.000" /><testcase classname="tests.test_providers" name="test_provisioned_deno_denies_files_network_subprocess_and_environment" time="0.280" /><testcase classname="tests.test_service" name="test_actual_multimodal_pipeline_pagination_and_refs" time="1.345" /><testcase classname="tests.test_service" name="test_read_tools_never_start_work" time="0.007" /><testcase classname="tests.test_service" name="test_idempotent_queue_and_persistent_cache" time="0.013" /><testcase classname="tests.test_service" name="test_detail_preparation_does_not_reuse_lower_quality_video" time="0.750" /><testcase classname="tests.test_service" name="test_partial_retains_captions_and_failed_caption_never_becomes_missing" time="0.016" /><testcase classname="tests.test_service" name="test_owner_isolation_and_expiry" time="0.010" /><testcase classname="tests.test_service" name="test_cursor_cannot_be_forged_or_reused_for_other_scope" time="0.009" /><testcase classname="tests.test_service" name="test_cancel_queued_and_delete_revokes_bytes" time="0.010" /><testcase classname="tests.test_service" name="test_byte_limit_persists_spend_and_does_not_erase_partial" time="0.009" /><testcase classname="tests.test_service" name="test_restart_recovers_queued_and_interrupted_jobs" time="0.010" /><testcase classname="tests.test_service" name="test_actual_audio_extraction_passes_offset_to_asr" time="0.299" /><testcase classname="tests.test_service" name="test_silence_is_processed_not_missing" time="0.008" /><testcase classname="tests.test_service" name="test_zero_duration_caption_at_range_start_is_not_lost" time="0.008" /><testcase classname="tests.test_service" name="test_running_cancel_and_delete_converge" time="0.049" /><testcase classname="tests.test_service" name="test_single_worker_process_lock" time="0.005" /><testcase classname="tests.test_service" name="test_range_algebra" time="0.000" /></testsuite></testsuites>